<?xml version="1.0" encoding="UTF-8"?>
<testsuite name="linked.list.AppTest" tests="3" skipped="0" failures="0" errors="0" timestamp="2021-07-03T12:53:27" hostname="mkabumattar" time="0.003">
  <properties/>
  <testcase name="testLinkedListFalse" classname="linked.list.AppTest" time="0.002"/>
  <testcase name="testLinkedListTrue" classname="linked.list.AppTest" time="0.0"/>
  <testcase name="testLinkedListToString" classname="linked.list.AppTest" time="0.0"/>
  <system-out><![CDATA[]]></system-out>
  <system-err><![CDATA[]]></system-err>
</testsuite>
